<?xml version="1.0" encoding="UTF-8"?>
<!-- Generated by org.testng.reporters.JUnitReportReporter -->
<testsuite hostname="DESKTOP-T6KLQOF" failures="0" tests="1" name="driverFactory.AppTest" time="45.329" errors="0" timestamp="2023-12-12T18:43:35 IST" skipped="0">
  <testcase classname="driverFactory.AppTest" name="kickStart" time="45.329"/>
  <system-out/>
</testsuite> <!-- driverFactory.AppTest -->
